0 info it worked if it ends with ok
1 verbose cli [ '/usr/bin/nodejs', '/usr/bin/npm', 'rebuild', 'node-sass' ]
2 info using npm@3.8.6
3 info using node@v5.12.0
4 info readInstalled object
5 verbose rebuild path, id [ '/home/vagrant/Code/eshop/node_modules/node-sass',
5 verbose rebuild   'node-sass@3.13.1' ]
6 silly rebuild set [ '/home/vagrant/Code/eshop/node_modules/node-sass' ]
7 info build /home/vagrant/Code/eshop/node_modules/node-sass
8 info lifecycle node-sass@3.13.1~preinstall: node-sass@3.13.1
9 silly lifecycle node-sass@3.13.1~preinstall: no script for preinstall, continuing
10 info linkStuff node-sass@3.13.1
11 silly linkStuff node-sass@3.13.1 has /home/vagrant/Code/eshop/node_modules as its parent node_modules
12 verbose linkBins node-sass@3.13.1
13 verbose link bins [ { 'node-sass': 'bin/node-sass' },
13 verbose link bins   '/home/vagrant/Code/eshop/node_modules/.bin',
13 verbose link bins   false ]
14 verbose linkMans node-sass@3.13.1
15 verbose rebuildBundles node-sass@3.13.1
16 verbose rebuildBundles [ 'gaze',
16 verbose rebuildBundles   'glob',
16 verbose rebuildBundles   'globule',
16 verbose rebuildBundles   'lodash',
16 verbose rebuildBundles   'lodash.clonedeep',
16 verbose rebuildBundles   'minimatch' ]
17 verbose rebuild bundle /home/vagrant/Code/eshop/node_modules/node-sass/node_modules/globule
18 info build /home/vagrant/Code/eshop/node_modules/node-sass/node_modules/globule
19 silly gentlyRm /home/vagrant/Code/eshop/node_modules/.bin/node-sass is being purged
20 verbose gentlyRm don't care about contents; nuking /home/vagrant/Code/eshop/node_modules/.bin/node-sass
21 silly vacuum-fs purging /home/vagrant/Code/eshop/node_modules/.bin/node-sass
22 info lifecycle globule@1.1.0~preinstall: globule@1.1.0
23 silly lifecycle globule@1.1.0~preinstall: no script for preinstall, continuing
24 info linkStuff globule@1.1.0
25 silly linkStuff globule@1.1.0 has /home/vagrant/Code/eshop/node_modules/node-sass/node_modules as its parent node_modules
26 silly vacuum-fs quitting because other entries in /home/vagrant/Code/eshop/node_modules/.bin
27 verbose linkBins globule@1.1.0
28 verbose linkMans globule@1.1.0
29 verbose rebuildBundles globule@1.1.0
30 info lifecycle globule@1.1.0~install: globule@1.1.0
31 silly lifecycle globule@1.1.0~install: no script for install, continuing
32 info lifecycle globule@1.1.0~postinstall: globule@1.1.0
33 silly lifecycle globule@1.1.0~postinstall: no script for postinstall, continuing
34 verbose rebuild bundle /home/vagrant/Code/eshop/node_modules/node-sass/node_modules/lodash
35 info build /home/vagrant/Code/eshop/node_modules/node-sass/node_modules/lodash
36 info lifecycle lodash@4.16.6~preinstall: lodash@4.16.6
37 silly lifecycle lodash@4.16.6~preinstall: no script for preinstall, continuing
38 info linkStuff lodash@4.16.6
39 silly linkStuff lodash@4.16.6 has /home/vagrant/Code/eshop/node_modules/node-sass/node_modules as its parent node_modules
40 verbose linkBins lodash@4.16.6
41 verbose linkMans lodash@4.16.6
42 verbose rebuildBundles lodash@4.16.6
43 info lifecycle lodash@4.16.6~install: lodash@4.16.6
44 silly lifecycle lodash@4.16.6~install: no script for install, continuing
45 info lifecycle lodash@4.16.6~postinstall: lodash@4.16.6
46 silly lifecycle lodash@4.16.6~postinstall: no script for postinstall, continuing
47 verbose rebuild bundle /home/vagrant/Code/eshop/node_modules/node-sass/node_modules/minimatch
48 info build /home/vagrant/Code/eshop/node_modules/node-sass/node_modules/minimatch
49 info lifecycle minimatch@3.0.3~preinstall: minimatch@3.0.3
50 silly lifecycle minimatch@3.0.3~preinstall: no script for preinstall, continuing
51 info linkStuff minimatch@3.0.3
52 silly linkStuff minimatch@3.0.3 has /home/vagrant/Code/eshop/node_modules/node-sass/node_modules as its parent node_modules
53 verbose linkBins minimatch@3.0.3
54 verbose linkMans minimatch@3.0.3
55 verbose rebuildBundles minimatch@3.0.3
56 info lifecycle minimatch@3.0.3~install: minimatch@3.0.3
57 silly lifecycle minimatch@3.0.3~install: no script for install, continuing
58 info lifecycle minimatch@3.0.3~postinstall: minimatch@3.0.3
59 silly lifecycle minimatch@3.0.3~postinstall: no script for postinstall, continuing
60 verbose stack Error: EPROTO: protocol error, symlink '../node-sass/bin/node-sass' -> '/home/vagrant/Code/eshop/node_modules/.bin/node-sass'
60 verbose stack     at Error (native)
61 verbose cwd /home/vagrant/Code/eshop
62 error Linux 4.4.0-22-generic
63 error argv "/usr/bin/nodejs" "/usr/bin/npm" "rebuild" "node-sass"
64 error node v5.12.0
65 error npm  v3.8.6
66 error path ../node-sass/bin/node-sass
67 error code EPROTO
68 error errno -71
69 error syscall symlink
70 error EPROTO: protocol error, symlink '../node-sass/bin/node-sass' -> '/home/vagrant/Code/eshop/node_modules/.bin/node-sass'
71 error If you need help, you may report this error at:
71 error     <https://github.com/npm/npm/issues>
72 verbose exit [ -71, true ]
